g++ -std=c++14 -Wall -MMD    textdisplay.cc   -o textdisplay
g++ -std=c++14 -Wall -MMD    sequenceCommand.cc   -o sequenceCommand
g++ -std=c++14 -Wall -MMD    rightCommand.cc   -o rightCommand
g++ -std=c++14 -Wall -MMD    restartCommand.cc   -o restartCommand
g++ -std=c++14 -Wall -MMD    randomCommand.cc   -o randomCommand
g++ -std=c++14 -Wall -MMD    norandomCommand.cc   -o norandomCommand
g++ -std=c++14 -Wall -MMD    main.cc   -o main
g++ -std=c++14 -Wall -MMD    levelupCommand.cc   -o levelupCommand
g++ -std=c++14 -Wall -MMD    leveldownCommand.cc   -o leveldownCommand
g++ -std=c++14 -Wall -MMD    level0.cc   -o level0
g++ -std=c++14 -Wall -MMD    level.cc   -o level
g++ -std=c++14 -Wall -MMD    leftCommand.cc   -o leftCommand
g++ -std=c++14 -Wall -MMD    tblock.cc   -o tblock
g++ -std=c++14 -Wall -MMD    zblock.cc   -o zblock
g++ -std=c++14 -Wall -MMD    sblock.cc   -o sblock
g++ -std=c++14 -Wall -MMD    oblock.cc   -o oblock
g++ -std=c++14 -Wall -MMD    lblock.cc   -o lblock
g++ -std=c++14 -Wall -MMD    jblock.cc   -o jblock
g++ -std=c++14 -Wall -MMD    iblock.cc   -o iblock
g++ -std=c++14 -Wall -MMD    graphicsdisplay.cc   -o graphicsdisplay
g++ -std=c++14 -Wall -MMD    game.cc   -o game
g++ -std=c++14 -Wall -MMD    dropCommand.cc   -o dropCommand
g++ -std=c++14 -Wall -MMD    downCommand.cc   -o downCommand
g++ -std=c++14 -Wall -MMD    display.cc   -o display
g++ -std=c++14 -Wall -MMD    commandDecorator.cc   -o commandDecorator
g++ -std=c++14 -Wall -MMD    counterclockCommand.cc   -o counterclockCommand
g++ -std=c++14 -Wall -MMD    clockwiseCommand.cc   -o clockwiseCommand
g++ -std=c++14 -Wall -MMD    cell.cc   -o cell
g++ -std=c++14 -Wall -MMD    board.cc   -o board
g++ -std=c++14 -Wall -MMD    block.cc   -o block
g++ -std=c++14 -Wall -MMD    baseCommand.cc   -o baseCommand
g++ -std=c++14 -Wall -MMD    TCommand.cc   -o TCommand
g++ -std=c++14 -Wall -MMD    ZCommand.cc   -o ZCommand
g++ -std=c++14 -Wall -MMD    SCommand.cc   -o SCommand
g++ -std=c++14 -Wall -MMD    OCommand.cc   -o OCommand
g++ -std=c++14 -Wall -MMD    LCommand.cc   -o LCommand
g++ -std=c++14 -Wall -MMD    JCommand.cc   -o JCommand
g++ -std=c++14 -Wall -MMD    ICommand.cc   -o ICommand
g++ -std=c++14 -Wall -MMD    Command.cc   -o Command
